[www.cryptomonstersnft.com/index.html]
[backblue.gif]
[fade.gif]
[index.html]
[uploads-ssl.webflow.com/61a12e1617f9bfbd9a81eb77/css/crypt-o-monsters.webflow.1848c5a47.min.css]
[use.typekit.net/wid6psq.js]
[uploads-ssl.webflow.com/61a12e1617f9bfbd9a81eb77/6205f19a26c7902008be01a2_favicon.png]
[uploads-ssl.webflow.com/img/webclip.png]
[uploads-ssl.webflow.com/61a12e1617f9bfbd9a81eb77/620d5bed9266a51245149d51_logo.png]
[uploads-ssl.webflow.com/61a12e1617f9bfbd9a81eb77/61e6fe16daf1177b4e7e5f68_crypt (1).png]
[uploads-ssl.webflow.com/61a12e1617f9bfbd9a81eb77/61e6fe16d783595abe42d618_left.png]
[uploads-ssl.webflow.com/61a12e1617f9bfbd9a81eb77/61e6fe1661ff4300c2b25333_right.png]
[uploads-ssl.webflow.com/61a12e1617f9bfbd9a81eb77/61b12b1facbbe5385a44bca4_image 63.png]
[uploads-ssl.webflow.com/61a12e1617f9bfbd9a81eb77/61b12b1f940d40ee593cee09_image 61.png]
[uploads-ssl.webflow.com/61a12e1617f9bfbd9a81eb77/61b12b1f55a20304f7a6f264_image 16.png]
[uploads-ssl.webflow.com/61a12e1617f9bfbd9a81eb77/61b12b1f96246eb318395796_image 66.png]
[uploads-ssl.webflow.com/61a12e1617f9bfbd9a81eb77/61b12b1fd176e62bee06adc0_image 23.png]
[uploads-ssl.webflow.com/61a12e1617f9bfbd9a81eb77/61b12b1f55a91d0bda1eabe7_image 64.png]
[uploads-ssl.webflow.com/61a12e1617f9bfbd9a81eb77/61b12b1f0618f9e78534a434_image 22.png]
[uploads-ssl.webflow.com/61a12e1617f9bfbd9a81eb77/61b12b1f65147691502b763a_image 65.png]
[uploads-ssl.webflow.com/61a12e1617f9bfbd9a81eb77/61b12b1f940d4012143cee08_image 17.png]
[uploads-ssl.webflow.com/61a12e1617f9bfbd9a81eb77/61b12b1f3866df2b2172b8c9_image 19.png]
[uploads-ssl.webflow.com/61a12e1617f9bfbd9a81eb77/61b12b1f19e201605c104e8e_image 62.png]
[uploads-ssl.webflow.com/61a12e1617f9bfbd9a81eb77/61b12b1f8fba42081d9c6783_image 24.png]
[uploads-ssl.webflow.com/61a12e1617f9bfbd9a81eb77/61b12b1f59c289e7018ee635_image 21.png]
[uploads-ssl.webflow.com/61a12e1617f9bfbd9a81eb77/61b12b1fd176e6955706adbf_image 20.png]
[uploads-ssl.webflow.com/61a12e1617f9bfbd9a81eb77/61b12b1f7d9775b44a11e9ff_image 18.png]
[uploads-ssl.webflow.com/61a12e1617f9bfbd9a81eb77/61b12b1f2144ceb91b42e137_image 13.png]
[uploads-ssl.webflow.com/61a12e1617f9bfbd9a81eb77/61b12b1f05f56645d3b83868_image 15.png]
[uploads-ssl.webflow.com/61a12e1617f9bfbd9a81eb77/61b12b1f9adea62a68b6c119_image 12.png]
[uploads-ssl.webflow.com/61a12e1617f9bfbd9a81eb77/61df4874f2e5429ef29b643e_hand.png]
[uploads-ssl.webflow.com/61a12e1617f9bfbd9a81eb77/61b2591a3d3cf81f68dd4a90_zom_2.png]
[uploads-ssl.webflow.com/61a12e1617f9bfbd9a81eb77/61b2591a07839d46d1279a76_zom_1.png]
[uploads-ssl.webflow.com/61a12e1617f9bfbd9a81eb77/61b2591a3ce081704613377c_Vamp_2.png]
[uploads-ssl.webflow.com/61a12e1617f9bfbd9a81eb77/61b2591af7d37682dd685e62_Vamp_1.png]
[uploads-ssl.webflow.com/61a12e1617f9bfbd9a81eb77/61b25919d9af8e3126fbe62f_mum_2.png]
[uploads-ssl.webflow.com/61a12e1617f9bfbd9a81eb77/61b2591a53f68724940b1223_mum_1.png]
[uploads-ssl.webflow.com/61a12e1617f9bfbd9a81eb77/61b2591a70c3688a2859236f_wolf_1.png]
[uploads-ssl.webflow.com/61a12e1617f9bfbd9a81eb77/61b2591930a056d5a597be99_frank_1.png]
[uploads-ssl.webflow.com/61a12e1617f9bfbd9a81eb77/61b2591aaaf0a57c5f707612_sas_2.png]
[uploads-ssl.webflow.com/61a12e1617f9bfbd9a81eb77/61b2591aa9af9b4e56096aa8_sas_1.png]
[uploads-ssl.webflow.com/61a12e1617f9bfbd9a81eb77/61b2591a47904d7688297b1a_cthu_1.png]
[uploads-ssl.webflow.com/61a12e1617f9bfbd9a81eb77/61b2591a923003e65c52c4ea_cthu_2.png]
[uploads-ssl.webflow.com/61a12e1617f9bfbd9a81eb77/61e46d40839038fa154658a5_AL.png]
[uploads-ssl.webflow.com/61a12e1617f9bfbd9a81eb77/61e46d40cc6a4dadde8e8aa5_A.png]
[uploads-ssl.webflow.com/61a12e1617f9bfbd9a81eb77/61e46d4030251bc9b5a2ff01_C.png]
[uploads-ssl.webflow.com/61a12e1617f9bfbd9a81eb77/61e46d40184bc1b04c187090_D.png]
[d3e54v103j8qbb.cloudfront.net/js/jquery-3.5.1.min.dc5e7f18c8cc94.js]
[www.cryptomonstersnft.com/index.html]
[uploads-ssl.webflow.com/61a12e1617f9bfbd9a81eb77/js/webflow.55c2deed7.js]
[uploads-ssl.webflow.com/61a12e1617f9bfbd9a81eb77/61e4eb0165434130787d9c41_huge.png]
[uploads-ssl.webflow.com/61a12e1617f9bfbd9a81eb77/css/crypt-o-monsters.webflow.1848c5a47.min.css]
